<?xml version="1.0" encoding="utf-8"?><testsuites><testsuite name="pytest" errors="0" failures="0" skipped="0" tests="5" time="0.086" timestamp="2024-01-05T17:04:42.867018" hostname="viniR"><testcase classname="tests.test_bytebank.TestClass" name="test_quando_idade_recebe_14_04_2000_retorna_24" time="0.001" /><testcase classname="tests.test_bytebank.TestClass" name="test_quando_sobrenome_recebe_Nome_Sobrenome_retorna_Sobrenome" time="0.000" /><testcase classname="tests.test_bytebank.TestClass" name="test_quando_decrescimo_salario_recebe_100000_retorna_90000" time="0.000" /><testcase classname="tests.test_bytebank.TestClass" name="test_quando_calcular_bonus_recebe_1000_retorna_100" time="0.000" /><testcase classname="tests.test_bytebank.TestClass" name="test_quando_calcular_bonus_recebe_1000000_retorna_exception" time="0.000" /></testsuite></testsuites>